<?xml version="1.0" encoding="UTF-8"?>
<testsuite xmlns:xsi="http://www.w3.org/2001/XMLSchema-instance" xsi:noNamespaceSchemaLocation="https://maven.apache.org/surefire/maven-surefire-plugin/xsd/surefire-test-report.xsd" name="MyTest" time="1.34" tests="3" errors="2" skipped="0" failures="0">
  <properties>
[...]
</properties>
  <testcase name="test01" classname="MyTest" time="0.84"/>
  <testcase name="test02" classname="MyTest" time="0.411">
    <error message="&#10;### Error updating database.  Cause: com.mysql.jdbc.exceptions.jdbc4.MySQLIntegrityConstraintViolationException: Duplicate entry &apos;2888&apos; for key &apos;PRIMARY&apos;&#10;### The error may exist in class path resource [StudentDao.xml]&#10;### The error may involve defaultParameterMap&#10;### The error occurred while setting parameters&#10;### SQL: insert into student values(?,?,?,?)&#10;### Cause: com.mysql.jdbc.exceptions.jdbc4.MySQLIntegrityConstraintViolationException: Duplicate entry &apos;2888&apos; for key &apos;PRIMARY&apos;&#10;; Duplicate entry &apos;2888&apos; for key &apos;PRIMARY&apos;; nested exception is com.mysql.jdbc.exceptions.jdbc4.MySQLIntegrityConstraintViolationException: Duplicate entry &apos;2888&apos; for key &apos;PRIMARY&apos;" type="org.springframework.dao.DuplicateKeyException">org.springframework.dao.DuplicateKeyException: 

### Error updating database.  Cause: com.mysql.jdbc.exceptions.jdbc4.MySQLIntegrityConstraintViolationException: Duplicate entry '2888' for key 'PRIMARY'
### The error may exist in class path resource [StudentDao.xml]
### The error may involve defaultParameterMap
### The error occurred while setting parameters
### SQL: insert into student values(?,?,?,?)
### Cause: com.mysql.jdbc.exceptions.jdbc4.MySQLIntegrityConstraintViolationException: Duplicate entry '2888' for key 'PRIMARY'
; Duplicate entry '2888' for key 'PRIMARY'; nested exception is com.mysql.jdbc.exceptions.jdbc4.MySQLIntegrityConstraintViolationException: Duplicate entry '2888' for key 'PRIMARY'
	at MyTest.test02(MyTest.java:38)
Caused by: com.mysql.jdbc.exceptions.jdbc4.MySQLIntegrityConstraintViolationException: Duplicate entry '2888' for key 'PRIMARY'
	at MyTest.test02(MyTest.java:38)
</error>
    <system-err><![CDATA[十一月 18, 2020 11:39:59 上午 com.alibaba.druid.support.logging.JakartaCommonsLoggingImpl info
信息: {dataSource-2} inited
]]></system-err>
  </testcase>
  <testcase name="test03" classname="MyTest" time="0.065">
    <error message="&#10;### Error updating database.  Cause: com.mysql.jdbc.exceptions.jdbc4.MySQLIntegrityConstraintViolationException: Duplicate entry &apos;167&apos; for key &apos;PRIMARY&apos;&#10;### The error may exist in class path resource [StudentDao.xml]&#10;### The error may involve defaultParameterMap&#10;### The error occurred while setting parameters&#10;### SQL: insert into student values(?,?,?,?)&#10;### Cause: com.mysql.jdbc.exceptions.jdbc4.MySQLIntegrityConstraintViolationException: Duplicate entry &apos;167&apos; for key &apos;PRIMARY&apos;&#10;; Duplicate entry &apos;167&apos; for key &apos;PRIMARY&apos;; nested exception is com.mysql.jdbc.exceptions.jdbc4.MySQLIntegrityConstraintViolationException: Duplicate entry &apos;167&apos; for key &apos;PRIMARY&apos;" type="org.springframework.dao.DuplicateKeyException">org.springframework.dao.DuplicateKeyException: 

### Error updating database.  Cause: com.mysql.jdbc.exceptions.jdbc4.MySQLIntegrityConstraintViolationException: Duplicate entry '167' for key 'PRIMARY'
### The error may exist in class path resource [StudentDao.xml]
### The error may involve defaultParameterMap
### The error occurred while setting parameters
### SQL: insert into student values(?,?,?,?)
### Cause: com.mysql.jdbc.exceptions.jdbc4.MySQLIntegrityConstraintViolationException: Duplicate entry '167' for key 'PRIMARY'
; Duplicate entry '167' for key 'PRIMARY'; nested exception is com.mysql.jdbc.exceptions.jdbc4.MySQLIntegrityConstraintViolationException: Duplicate entry '167' for key 'PRIMARY'
	at MyTest.test03(MyTest.java:47)
Caused by: com.mysql.jdbc.exceptions.jdbc4.MySQLIntegrityConstraintViolationException: Duplicate entry '167' for key 'PRIMARY'
	at MyTest.test03(MyTest.java:47)
</error>
    <system-err><![CDATA[十一月 18, 2020 11:39:59 上午 com.alibaba.druid.support.logging.JakartaCommonsLoggingImpl info
信息: {dataSource-3} inited
]]></system-err>
  </testcase>
</testsuite>